::1 - - [10/Feb/2026 23:58:33] "GET / HTTP/1.1" 200 -
::1 - - [10/Feb/2026 23:58:33] "GET /js/config.js HTTP/1.1" 200 -
::1 - - [10/Feb/2026 23:58:33] "GET /js/sound.js HTTP/1.1" 200 -
::1 - - [10/Feb/2026 23:58:33] "GET /js/renderer.js HTTP/1.1" 200 -
::1 - - [10/Feb/2026 23:58:33] "GET /js/entities.js HTTP/1.1" 200 -
::1 - - [10/Feb/2026 23:58:33] "GET /js/game.js HTTP/1.1" 200 -
::1 - - [10/Feb/2026 23:58:34] "GET /assets/ground_tile.png HTTP/1.1" 200 -
::1 - - [10/Feb/2026 23:58:35] "GET /assets/bg_city.png HTTP/1.1" 200 -
::1 - - [10/Feb/2026 23:58:35] "GET /assets/player_slide.png HTTP/1.1" 200 -
::1 - - [10/Feb/2026 23:58:35] "GET /assets/obstacle_crate.png HTTP/1.1" 200 -
::1 - - [10/Feb/2026 23:58:35] "GET /assets/player_jump.png HTTP/1.1" 200 -
::1 - - [10/Feb/2026 23:58:35] "GET /assets/obstacle_sign.png HTTP/1.1" 200 -
::1 - - [10/Feb/2026 23:58:35] "GET /assets/player_run.png HTTP/1.1" 200 -
::1 - - [10/Feb/2026 23:58:35] "GET /assets/obstacle_barrier.png HTTP/1.1" 200 -
::1 - - [10/Feb/2026 23:58:52] "GET /assets/title_logo.png HTTP/1.1" 200 -
::1 - - [10/Feb/2026 23:58:52] "GET /assets/obstacle_train.png HTTP/1.1" 200 -
::1 - - [10/Feb/2026 23:58:52] "GET /assets/coin.png HTTP/1.1" 200 -
::1 - - [10/Feb/2026 23:58:52] "GET /assets/obstacle_pipe.png HTTP/1.1" 200 -
::1 - - [10/Feb/2026 23:59:17] code 404, message File not found
::1 - - [10/Feb/2026 23:59:17] "GET /favicon.ico HTTP/1.1" 404 -
::1 - - [10/Feb/2026 23:59:30] "GET /assets/audio/bgm_gameplay.mp3 HTTP/1.1" 200 -
::1 - - [10/Feb/2026 23:59:30] code 404, message File not found
::1 - - [10/Feb/2026 23:59:30] "GET /favicon.ico HTTP/1.1" 404 -
::1 - - [10/Feb/2026 23:59:59] "GET /assets/audio/bgm_gameplay.mp3 HTTP/1.1" 200 -
::1 - - [10/Feb/2026 23:59:59] code 404, message File not found
::1 - - [10/Feb/2026 23:59:59] "GET /favicon.ico HTTP/1.1" 404 -
::1 - - [11/Feb/2026 00:00:22] code 404, message File not found
::1 - - [11/Feb/2026 00:00:22] "GET /favicon.ico HTTP/1.1" 404 -
::1 - - [11/Feb/2026 00:00:23] code 404, message File not found
::1 - - [11/Feb/2026 00:00:23] "GET /favicon.ico HTTP/1.1" 404 -
::1 - - [11/Feb/2026 00:00:25] code 404, message File not found
::1 - - [11/Feb/2026 00:00:25] "GET /favicon.ico HTTP/1.1" 404 -
::1 - - [11/Feb/2026 00:00:25] code 404, message File not found
::1 - - [11/Feb/2026 00:00:25] "GET /favicon.ico HTTP/1.1" 404 -
::1 - - [11/Feb/2026 00:00:27] code 404, message File not found
::1 - - [11/Feb/2026 00:00:27] "GET /favicon.ico HTTP/1.1" 404 -
::1 - - [11/Feb/2026 00:00:27] code 404, message File not found
::1 - - [11/Feb/2026 00:00:27] "GET /favicon.ico HTTP/1.1" 404 -
::1 - - [11/Feb/2026 00:00:28] code 404, message File not found
::1 - - [11/Feb/2026 00:00:28] "GET /favicon.ico HTTP/1.1" 404 -
::1 - - [11/Feb/2026 00:00:30] code 404, message File not found
::1 - - [11/Feb/2026 00:00:30] "GET /favicon.ico HTTP/1.1" 404 -
::1 - - [11/Feb/2026 00:00:31] code 404, message File not found
::1 - - [11/Feb/2026 00:00:31] "GET /favicon.ico HTTP/1.1" 404 -
::1 - - [11/Feb/2026 00:00:32] code 404, message File not found
::1 - - [11/Feb/2026 00:00:32] "GET /favicon.ico HTTP/1.1" 404 -
::1 - - [11/Feb/2026 00:00:32] code 404, message File not found
::1 - - [11/Feb/2026 00:00:32] "GET /favicon.ico HTTP/1.1" 404 -
::1 - - [11/Feb/2026 00:00:34] code 404, message File not found
::1 - - [11/Feb/2026 00:00:34] "GET /favicon.ico HTTP/1.1" 404 -
::1 - - [11/Feb/2026 00:00:35] code 404, message File not found
::1 - - [11/Feb/2026 00:00:35] "GET /favicon.ico HTTP/1.1" 404 -
::1 - - [11/Feb/2026 00:00:38] code 404, message File not found
::1 - - [11/Feb/2026 00:00:38] "GET /favicon.ico HTTP/1.1" 404 -
::1 - - [11/Feb/2026 00:01:41] "GET /assets/audio/bgm_gameplay.mp3 HTTP/1.1" 200 -
::1 - - [11/Feb/2026 00:01:41] code 404, message File not found
::1 - - [11/Feb/2026 00:01:41] "GET /favicon.ico HTTP/1.1" 404 -
::1 - - [11/Feb/2026 00:02:03] code 404, message File not found
::1 - - [11/Feb/2026 00:02:03] "GET /favicon.ico HTTP/1.1" 404 -
::1 - - [11/Feb/2026 00:02:11] code 404, message File not found
::1 - - [11/Feb/2026 00:02:11] "GET /favicon.ico HTTP/1.1" 404 -
::1 - - [11/Feb/2026 00:02:11] "GET /assets/audio/bgm_gameplay.mp3 HTTP/1.1" 200 -
::1 - - [11/Feb/2026 00:02:11] code 404, message File not found
::1 - - [11/Feb/2026 00:02:11] "GET /favicon.ico HTTP/1.1" 404 -
::1 - - [11/Feb/2026 00:02:14] code 404, message File not found
::1 - - [11/Feb/2026 00:02:14] "GET /favicon.ico HTTP/1.1" 404 -
::1 - - [11/Feb/2026 00:14:58] code 404, message File not found
::1 - - [11/Feb/2026 00:14:58] "GET /assets/audio/bgm_gameplay.mp3 HTTP/1.1" 200 -
::1 - - [11/Feb/2026 00:14:58] "GET /favicon.ico HTTP/1.1" 404 -
::1 - - [11/Feb/2026 08:49:15] "GET / HTTP/1.1" 304 -
::1 - - [11/Feb/2026 08:49:15] "GET /js/config.js HTTP/1.1" 304 -
::1 - - [11/Feb/2026 08:49:15] "GET /js/entities.js HTTP/1.1" 304 -
::1 - - [11/Feb/2026 08:49:15] "GET /js/renderer.js HTTP/1.1" 304 -
::1 - - [11/Feb/2026 08:49:15] "GET /js/sound.js HTTP/1.1" 304 -
::1 - - [11/Feb/2026 08:49:15] "GET /js/game.js HTTP/1.1" 304 -
::1 - - [11/Feb/2026 08:49:15] "GET /assets/player_jump.png HTTP/1.1" 304 -
::1 - - [11/Feb/2026 08:49:15] "GET /assets/player_run.png HTTP/1.1" 304 -
::1 - - [11/Feb/2026 08:49:15] "GET /assets/obstacle_sign.png HTTP/1.1" 304 -
::1 - - [11/Feb/2026 08:49:15] "GET /assets/player_slide.png HTTP/1.1" 304 -
::1 - - [11/Feb/2026 08:49:15] "GET /assets/ground_tile.png HTTP/1.1" 304 -
::1 - - [11/Feb/2026 08:49:15] "GET /assets/bg_city.png HTTP/1.1" 304 -
::1 - - [11/Feb/2026 08:49:15] "GET /assets/obstacle_barrier.png HTTP/1.1" 304 -
::1 - - [11/Feb/2026 08:49:15] "GET /assets/obstacle_train.png HTTP/1.1" 304 -
::1 - - [11/Feb/2026 08:49:15] "GET /assets/obstacle_pipe.png HTTP/1.1" 304 -
::1 - - [11/Feb/2026 08:49:15] "GET /assets/obstacle_crate.png HTTP/1.1" 304 -
::1 - - [11/Feb/2026 08:49:15] "GET /assets/coin.png HTTP/1.1" 304 -
::1 - - [11/Feb/2026 08:49:15] "GET /assets/title_logo.png HTTP/1.1" 304 -
::1 - - [11/Feb/2026 08:49:19] "GET /assets/audio/bgm_gameplay.mp3 HTTP/1.1" 304 -
::1 - - [11/Feb/2026 08:49:19] code 404, message File not found
::1 - - [11/Feb/2026 08:49:19] "GET /favicon.ico HTTP/1.1" 404 -
::1 - - [11/Feb/2026 08:50:14] code 404, message File not found
::1 - - [11/Feb/2026 08:50:14] "GET /favicon.ico HTTP/1.1" 404 -
::1 - - [11/Feb/2026 08:50:22] code 404, message File not found
::1 - - [11/Feb/2026 08:50:22] "GET /favicon.ico HTTP/1.1" 404 -
::1 - - [11/Feb/2026 08:52:33] code 404, message File not found
::1 - - [11/Feb/2026 08:52:33] "GET /favicon.ico HTTP/1.1" 404 -
::1 - - [11/Feb/2026 08:55:48] "GET / HTTP/1.1" 200 -
::1 - - [11/Feb/2026 09:32:41] "GET / HTTP/1.1" 200 -
::1 - - [11/Feb/2026 09:32:41] "GET /js/entities.js HTTP/1.1" 200 -
::1 - - [11/Feb/2026 09:32:41] "GET /js/sound.js HTTP/1.1" 200 -
::1 - - [11/Feb/2026 09:32:41] "GET /js/config.js HTTP/1.1" 200 -
::1 - - [11/Feb/2026 09:32:41] "GET /js/renderer.js HTTP/1.1" 200 -
::1 - - [11/Feb/2026 09:32:41] "GET /js/game.js HTTP/1.1" 200 -
::1 - - [11/Feb/2026 09:32:42] "GET /assets/ground_tile.png HTTP/1.1" 200 -
::1 - - [11/Feb/2026 09:32:42] "GET /assets/obstacle_crate.png HTTP/1.1" 200 -
::1 - - [11/Feb/2026 09:32:42] "GET /assets/player_run.png HTTP/1.1" 200 -
::1 - - [11/Feb/2026 09:32:42] "GET /assets/obstacle_barrier.png HTTP/1.1" 200 -
::1 - - [11/Feb/2026 09:32:42] "GET /assets/obstacle_sign.png HTTP/1.1" 200 -
::1 - - [11/Feb/2026 09:32:42] "GET /assets/bg_city.png HTTP/1.1" 200 -
::1 - - [11/Feb/2026 09:32:42] "GET /assets/player_slide.png HTTP/1.1" 200 -
::1 - - [11/Feb/2026 09:32:42] "GET /assets/obstacle_train.png HTTP/1.1" 200 -
::1 - - [11/Feb/2026 09:32:42] "GET /assets/player_jump.png HTTP/1.1" 200 -
::1 - - [11/Feb/2026 09:32:42] "GET /assets/title_logo.png HTTP/1.1" 200 -
::1 - - [11/Feb/2026 09:32:42] "GET /assets/obstacle_pipe.png HTTP/1.1" 200 -
::1 - - [11/Feb/2026 09:32:42] "GET /assets/coin.png HTTP/1.1" 200 -
::1 - - [11/Feb/2026 09:32:56] code 404, message File not found
::1 - - [11/Feb/2026 09:32:56] "GET /favicon.ico HTTP/1.1" 404 -
::1 - - [11/Feb/2026 09:32:59] "GET /assets/audio/bgm_gameplay.mp3 HTTP/1.1" 200 -
::1 - - [11/Feb/2026 09:32:59] code 404, message File not found
::1 - - [11/Feb/2026 09:32:59] "GET /favicon.ico HTTP/1.1" 404 -
::1 - - [11/Feb/2026 11:43:45] "GET /js/config.js HTTP/1.1" 200 -
::1 - - [11/Feb/2026 11:43:45] "GET /js/entities.js HTTP/1.1" 304 -
::1 - - [11/Feb/2026 11:43:47] code 404, message File not found
::1 - - [11/Feb/2026 11:43:47] "GET /favicon.ico HTTP/1.1" 404 -
::1 - - [11/Feb/2026 11:45:58] code 404, message File not found
::1 - - [11/Feb/2026 11:45:58] "GET /favicon.ico HTTP/1.1" 404 -
::1 - - [11/Feb/2026 22:02:45] "GET / HTTP/1.1" 200 -
::1 - - [11/Feb/2026 22:02:45] "GET /js/entities.js HTTP/1.1" 200 -
::1 - - [11/Feb/2026 22:02:45] "GET /js/config.js HTTP/1.1" 200 -
::1 - - [11/Feb/2026 22:02:45] "GET /js/sound.js HTTP/1.1" 200 -
::1 - - [11/Feb/2026 22:02:45] "GET /js/game.js HTTP/1.1" 200 -
::1 - - [11/Feb/2026 22:02:45] "GET /js/renderer.js HTTP/1.1" 200 -
::1 - - [11/Feb/2026 22:02:47] "GET /assets/obstacle_barrier.png HTTP/1.1" 200 -
::1 - - [11/Feb/2026 22:02:47] "GET /assets/player_jump.png HTTP/1.1" 200 -
::1 - - [11/Feb/2026 22:02:47] "GET /assets/obstacle_pipe.png HTTP/1.1" 200 -
::1 - - [11/Feb/2026 22:02:47] "GET /assets/ground_tile.png HTTP/1.1" 200 -
::1 - - [11/Feb/2026 22:02:47] "GET /assets/player_slide.png HTTP/1.1" 200 -
::1 - - [11/Feb/2026 22:02:47] "GET /assets/player_run.png HTTP/1.1" 200 -
::1 - - [11/Feb/2026 22:02:47] "GET /assets/bg_city.png HTTP/1.1" 200 -
::1 - - [11/Feb/2026 22:02:47] "GET /assets/obstacle_sign.png HTTP/1.1" 200 -
::1 - - [11/Feb/2026 22:02:47] "GET /assets/obstacle_train.png HTTP/1.1" 200 -
::1 - - [11/Feb/2026 22:02:47] "GET /assets/obstacle_crate.png HTTP/1.1" 200 -
::1 - - [11/Feb/2026 22:02:47] "GET /assets/coin.png HTTP/1.1" 200 -
::1 - - [11/Feb/2026 22:02:47] "GET /assets/title_logo.png HTTP/1.1" 200 -
::1 - - [11/Feb/2026 22:04:16] code 404, message File not found
::1 - - [11/Feb/2026 22:04:16] "GET /favicon.ico HTTP/1.1" 404 -
::1 - - [11/Feb/2026 22:04:55] code 404, message File not found
::1 - - [11/Feb/2026 22:04:55] "GET /favicon.ico HTTP/1.1" 404 -
::1 - - [11/Feb/2026 22:04:55] "GET /assets/audio/bgm_gameplay.mp3 HTTP/1.1" 200 -
::1 - - [11/Feb/2026 22:40:12] "GET / HTTP/1.1" 200 -
::1 - - [11/Feb/2026 22:40:13] "GET /js/game.js HTTP/1.1" 200 -
::1 - - [11/Feb/2026 22:40:13] "GET /js/entities.js HTTP/1.1" 200 -
::1 - - [11/Feb/2026 22:40:13] "GET /js/config.js HTTP/1.1" 200 -
::1 - - [11/Feb/2026 22:40:13] "GET /js/sound.js HTTP/1.1" 200 -
::1 - - [11/Feb/2026 22:40:13] "GET /js/renderer.js HTTP/1.1" 200 -
::1 - - [11/Feb/2026 22:40:14] "GET /assets/obstacle_pipe.png HTTP/1.1" 200 -
::1 - - [11/Feb/2026 22:40:14] "GET /assets/bg_city.png HTTP/1.1" 200 -
::1 - - [11/Feb/2026 22:40:14] "GET /assets/ground_tile.png HTTP/1.1" 200 -
::1 - - [11/Feb/2026 22:40:14] "GET /assets/player_run.png HTTP/1.1" 200 -
::1 - - [11/Feb/2026 22:40:14] "GET /assets/player_jump.png HTTP/1.1" 200 -
::1 - - [11/Feb/2026 22:40:14] "GET /assets/obstacle_sign.png HTTP/1.1" 200 -
::1 - - [11/Feb/2026 22:40:14] "GET /assets/obstacle_barrier.png HTTP/1.1" 200 -
::1 - - [11/Feb/2026 22:40:14] "GET /assets/coin.png HTTP/1.1" 200 -
::1 - - [11/Feb/2026 22:40:14] "GET /assets/title_logo.png HTTP/1.1" 200 -
::1 - - [11/Feb/2026 22:40:14] "GET /assets/obstacle_crate.png HTTP/1.1" 200 -
::1 - - [11/Feb/2026 22:40:14] "GET /assets/player_slide.png HTTP/1.1" 200 -
::1 - - [11/Feb/2026 22:40:14] "GET /assets/obstacle_train.png HTTP/1.1" 200 -
::1 - - [11/Feb/2026 22:40:33] "GET /assets/audio/bgm_gameplay.mp3 HTTP/1.1" 200 -
::1 - - [11/Feb/2026 22:40:34] code 404, message File not found
::1 - - [11/Feb/2026 22:40:34] "GET /favicon.ico HTTP/1.1" 404 -
::1 - - [11/Feb/2026 23:38:03] "GET / HTTP/1.1" 304 -
::1 - - [11/Feb/2026 23:38:04] "GET /js/renderer.js HTTP/1.1" 304 -
::1 - - [11/Feb/2026 23:38:04] "GET /js/entities.js HTTP/1.1" 304 -
::1 - - [11/Feb/2026 23:38:04] "GET /js/sound.js HTTP/1.1" 304 -
::1 - - [11/Feb/2026 23:38:04] "GET /js/game.js HTTP/1.1" 304 -
::1 - - [11/Feb/2026 23:38:04] "GET /js/config.js HTTP/1.1" 200 -
::1 - - [11/Feb/2026 23:38:07] "GET /assets/obstacle_barrier.png HTTP/1.1" 304 -
::1 - - [11/Feb/2026 23:38:07] "GET /assets/player_jump.png HTTP/1.1" 304 -
::1 - - [11/Feb/2026 23:38:07] "GET /assets/player_run.png HTTP/1.1" 304 -
::1 - - [11/Feb/2026 23:38:08] "GET /assets/obstacle_crate.png HTTP/1.1" 304 -
::1 - - [11/Feb/2026 23:38:08] "GET /assets/obstacle_sign.png HTTP/1.1" 304 -
::1 - - [11/Feb/2026 23:38:08] "GET /assets/bg_city.png HTTP/1.1" 304 -
::1 - - [11/Feb/2026 23:38:09] "GET /assets/ground_tile.png HTTP/1.1" 304 -
::1 - - [11/Feb/2026 23:38:09] "GET /assets/player_slide.png HTTP/1.1" 304 -
::1 - - [11/Feb/2026 23:38:09] "GET /assets/obstacle_train.png HTTP/1.1" 304 -
::1 - - [11/Feb/2026 23:38:13] "GET /assets/coin.png HTTP/1.1" 304 -
::1 - - [11/Feb/2026 23:38:14] "GET /assets/obstacle_pipe.png HTTP/1.1" 304 -
::1 - - [11/Feb/2026 23:38:14] "GET /assets/title_logo.png HTTP/1.1" 304 -
